{"name":"Traducir de ingl�s a espanol","id":"traductor-de-google;traducir-de-ingl�s-a-espanol","testSteps":[{"number":1,"description":"Given El usuario quiere usar el traductor de google","duration":6241,"startTime":"2018-07-16T16:29:47.456-05:00[America/Bogota]","screenshots":[{"screenshot":"c57c2dc39dbc8fbc1588d2e7e11675c8adb349c9eaaac83414df32bdb5e92d54.png"}],"result":"SUCCESS","precondition":false,"children":[{"number":2,"description":"usuario opens the Google home page","duration":5592,"startTime":"2018-07-16T16:29:47.812-05:00[America/Bogota]","screenshots":[{"screenshot":"c57c2dc39dbc8fbc1588d2e7e11675c8adb349c9eaaac83414df32bdb5e92d54.png"}],"result":"SUCCESS","precondition":false}]},{"number":3,"description":"When traduce la palabra table de ingles a espanol","duration":9346,"startTime":"2018-07-16T16:29:53.698-05:00[America/Bogota]","exception":{"errorType":"net.thucydides.core.webdriver.exceptions.ElementShouldBeEnabledException","message":"The following error occurred: Expected enabled element was not enabled","stackTrace":[{"declaringClass":"co.com.proyectobase.screenplay.tasks.Traducir","methodName":"performAs","fileName":"Traducir.java","lineNumber":30},{"declaringClass":"co.com.proyectobase.screenplay.stepdefinitions.TraductorGoogleStepDefinitions","methodName":"traduceLaPalabraTableDeInglesAEspanol","fileName":"TraductorGoogleStepDefinitions.java","lineNumber":35},{"declaringClass":"cucumber.runner.Runner","methodName":"runPickle","fileName":"Runner.java","lineNumber":80},{"declaringClass":"org.eclipse.jdt.internal.junit4.runner.JUnit4TestReference","methodName":"run","fileName":"JUnit4TestReference.java","lineNumber":86},{"declaringClass":"org.eclipse.jdt.internal.junit.runner.TestExecution","methodName":"run","fileName":"TestExecution.java","lineNumber":38},{"declaringClass":"org.eclipse.jdt.internal.junit.runner.RemoteTestRunner","methodName":"runTests","fileName":"RemoteTestRunner.java","lineNumber":538},{"declaringClass":"org.eclipse.jdt.internal.junit.runner.RemoteTestRunner","methodName":"runTests","fileName":"RemoteTestRunner.java","lineNumber":760},{"declaringClass":"org.eclipse.jdt.internal.junit.runner.RemoteTestRunner","methodName":"run","fileName":"RemoteTestRunner.java","lineNumber":460},{"declaringClass":"org.eclipse.jdt.internal.junit.runner.RemoteTestRunner","methodName":"main","fileName":"RemoteTestRunner.java","lineNumber":206}],"rootCause":{"errorType":"org.openqa.selenium.TimeoutException","message":"Expected condition failed: waiting for By.xpath: (//div[@id\u003d\u0027:3q\u0027] to be enabled (tried for 5 second(s) with 100 milliseconds interval)","stackTrace":[{"declaringClass":"co.com.proyectobase.screenplay.tasks.Traducir","methodName":"performAs","fileName":"Traducir.java","lineNumber":30},{"declaringClass":"co.com.proyectobase.screenplay.stepdefinitions.TraductorGoogleStepDefinitions","methodName":"traduceLaPalabraTableDeInglesAEspanol","fileName":"TraductorGoogleStepDefinitions.java","lineNumber":35},{"declaringClass":"cucumber.runner.Runner","methodName":"runPickle","fileName":"Runner.java","lineNumber":80},{"declaringClass":"org.eclipse.jdt.internal.junit4.runner.JUnit4TestReference","methodName":"run","fileName":"JUnit4TestReference.java","lineNumber":86},{"declaringClass":"org.eclipse.jdt.internal.junit.runner.TestExecution","methodName":"run","fileName":"TestExecution.java","lineNumber":38},{"declaringClass":"org.eclipse.jdt.internal.junit.runner.RemoteTestRunner","methodName":"runTests","fileName":"RemoteTestRunner.java","lineNumber":538},{"declaringClass":"org.eclipse.jdt.internal.junit.runner.RemoteTestRunner","methodName":"runTests","fileName":"RemoteTestRunner.java","lineNumber":760},{"declaringClass":"org.eclipse.jdt.internal.junit.runner.RemoteTestRunner","methodName":"run","fileName":"RemoteTestRunner.java","lineNumber":460},{"declaringClass":"org.eclipse.jdt.internal.junit.runner.RemoteTestRunner","methodName":"main","fileName":"RemoteTestRunner.java","lineNumber":206}],"rootCause":{"errorType":"org.openqa.selenium.InvalidSelectorException","message":"invalid selector: Unable to locate an element with the xpath expression (//div[@id\u003d\u0027:3q\u0027] because of the following error:\nSyntaxError: Failed to execute \u0027evaluate\u0027 on \u0027Document\u0027: The string \u0027(//div[@id\u003d\u0027:3q\u0027]\u0027 is not a valid XPath expression.\n  (Session info: chrome\u003d67.0.3396.99)\n  (Driver info: chromedriver\u003d2.39.562718 (9a2698cba08cf5a471a29d30c8b3e12becabb0e9),platform\u003dWindows NT 6.1.7601 SP1 x86_64) (WARNING: The server did not provide any stacktrace information)\nCommand duration or timeout: 0 milliseconds\nFor documentation on this error, please visit: http://seleniumhq.org/exceptions/invalid_selector_exception.html\nBuild info: version: \u00273.13.0\u0027, revision: \u00272f0d292\u0027, time: \u00272018-06-25T15:24:21.231Z\u0027\nSystem info: host: \u0027CHMEP92Y4Q12\u0027, ip: \u0027172.31.18.43\u0027, os.name: \u0027Windows 7\u0027, os.arch: \u0027amd64\u0027, os.version: \u00276.1\u0027, java.version: \u00271.8.0_131\u0027\nDriver info: org.openqa.selenium.remote.RemoteWebDriver\nCapabilities {acceptInsecureCerts: false, acceptSslCerts: false, applicationCacheEnabled: false, browserConnectionEnabled: false, browserName: chrome, chrome: {chromedriverVersion: 2.39.562718 (9a2698cba08cf5..., userDataDir: C:\\Users\\DARROY~1\\AppData\\L...}, cssSelectorsEnabled: true, databaseEnabled: false, handlesAlerts: true, hasTouchScreen: false, javascriptEnabled: true, locationContextEnabled: true, mobileEmulationEnabled: false, nativeEvents: true, networkConnectionEnabled: false, pageLoadStrategy: normal, platform: XP, platformName: XP, rotatable: false, setWindowRect: true, takesHeapSnapshot: true, takesScreenshot: true, unexpectedAlertBehaviour: , unhandledPromptBehavior: , version: 67.0.3396.99, webStorageEnabled: true}\nSession ID: 829eaf10d9a8c174f08b680380bd369f\n*** Element info: {Using\u003dxpath, value\u003d(//div[@id\u003d\u0027:3q\u0027]}","stackTrace":[{"declaringClass":"co.com.proyectobase.screenplay.tasks.Traducir","methodName":"performAs","fileName":"Traducir.java","lineNumber":30},{"declaringClass":"co.com.proyectobase.screenplay.stepdefinitions.TraductorGoogleStepDefinitions","methodName":"traduceLaPalabraTableDeInglesAEspanol","fileName":"TraductorGoogleStepDefinitions.java","lineNumber":35},{"declaringClass":"cucumber.runner.Runner","methodName":"runPickle","fileName":"Runner.java","lineNumber":80},{"declaringClass":"org.eclipse.jdt.internal.junit4.runner.JUnit4TestReference","methodName":"run","fileName":"JUnit4TestReference.java","lineNumber":86},{"declaringClass":"org.eclipse.jdt.internal.junit.runner.TestExecution","methodName":"run","fileName":"TestExecution.java","lineNumber":38},{"declaringClass":"org.eclipse.jdt.internal.junit.runner.RemoteTestRunner","methodName":"runTests","fileName":"RemoteTestRunner.java","lineNumber":538},{"declaringClass":"org.eclipse.jdt.internal.junit.runner.RemoteTestRunner","methodName":"runTests","fileName":"RemoteTestRunner.java","lineNumber":760},{"declaringClass":"org.eclipse.jdt.internal.junit.runner.RemoteTestRunner","methodName":"run","fileName":"RemoteTestRunner.java","lineNumber":460},{"declaringClass":"org.eclipse.jdt.internal.junit.runner.RemoteTestRunner","methodName":"main","fileName":"RemoteTestRunner.java","lineNumber":206}]}}},"result":"FAILURE","precondition":false,"children":[{"number":4,"description":"usuario clicks on El boton que muestra las aplicaciones","duration":541,"startTime":"2018-07-16T16:29:53.718-05:00[America/Bogota]","screenshots":[{"screenshot":"af7c2113fc9f3b1fba58eb034d6e6163ff2f356f28d4c8944d1e0b9e6d2641e5.png"}],"result":"SUCCESS","precondition":false},{"number":5,"description":"usuario clicks on Boton de app traductor","duration":2086,"startTime":"2018-07-16T16:29:54.264-05:00[America/Bogota]","screenshots":[{"screenshot":"edfa9975ae91cc78c4527a38eb9484920bc254035e01c5b2ef9e6943a9f71e50.png"}],"result":"SUCCESS","precondition":false},{"number":6,"description":"usuario clicks on Lista desplegable de idioma origen","duration":441,"startTime":"2018-07-16T16:29:56.353-05:00[America/Bogota]","screenshots":[{"screenshot":"9c55ebdcde4305e8e86dcd79a1c82c4032a798c2b1468c9d08b0acb79f4731f9.png"}],"result":"SUCCESS","precondition":false},{"number":7,"description":"usuario clicks on Boton de idioma origen ingles","duration":366,"startTime":"2018-07-16T16:29:56.796-05:00[America/Bogota]","screenshots":[{"screenshot":"73998b81472ac7c8edf79267276833afc077e0ee683ea25a2bd0901b409fe178.png"}],"result":"SUCCESS","precondition":false},{"number":8,"description":"usuario clicks on Lista desplegable de idioma destino","duration":382,"startTime":"2018-07-16T16:29:57.165-05:00[America/Bogota]","screenshots":[{"screenshot":"811671221008a99e45ba116de75d8856295b42ed597f50180452d8dd6326f029.png"}],"result":"SUCCESS","precondition":false},{"number":9,"description":"usuario clicks on Boton de idioma destino español","duration":5488,"startTime":"2018-07-16T16:29:57.550-05:00[America/Bogota]","screenshots":[{"screenshot":"811671221008a99e45ba116de75d8856295b42ed597f50180452d8dd6326f029.png","htmlSource":"pagesource4707677025241185549.html.txt"}],"exception":{"errorType":"net.thucydides.core.webdriver.exceptions.ElementShouldBeEnabledException","message":"The following error occurred: Expected enabled element was not enabled","stackTrace":[{"declaringClass":"co.com.proyectobase.screenplay.tasks.Traducir","methodName":"performAs","fileName":"Traducir.java","lineNumber":30},{"declaringClass":"co.com.proyectobase.screenplay.stepdefinitions.TraductorGoogleStepDefinitions","methodName":"traduceLaPalabraTableDeInglesAEspanol","fileName":"TraductorGoogleStepDefinitions.java","lineNumber":35},{"declaringClass":"cucumber.runner.Runner","methodName":"runPickle","fileName":"Runner.java","lineNumber":80},{"declaringClass":"org.eclipse.jdt.internal.junit4.runner.JUnit4TestReference","methodName":"run","fileName":"JUnit4TestReference.java","lineNumber":86},{"declaringClass":"org.eclipse.jdt.internal.junit.runner.TestExecution","methodName":"run","fileName":"TestExecution.java","lineNumber":38},{"declaringClass":"org.eclipse.jdt.internal.junit.runner.RemoteTestRunner","methodName":"runTests","fileName":"RemoteTestRunner.java","lineNumber":538},{"declaringClass":"org.eclipse.jdt.internal.junit.runner.RemoteTestRunner","methodName":"runTests","fileName":"RemoteTestRunner.java","lineNumber":760},{"declaringClass":"org.eclipse.jdt.internal.junit.runner.RemoteTestRunner","methodName":"run","fileName":"RemoteTestRunner.java","lineNumber":460},{"declaringClass":"org.eclipse.jdt.internal.junit.runner.RemoteTestRunner","methodName":"main","fileName":"RemoteTestRunner.java","lineNumber":206}],"rootCause":{"errorType":"org.openqa.selenium.TimeoutException","message":"Expected condition failed: waiting for By.xpath: (//div[@id\u003d\u0027:3q\u0027] to be enabled (tried for 5 second(s) with 100 milliseconds interval)","stackTrace":[{"declaringClass":"co.com.proyectobase.screenplay.tasks.Traducir","methodName":"performAs","fileName":"Traducir.java","lineNumber":30},{"declaringClass":"co.com.proyectobase.screenplay.stepdefinitions.TraductorGoogleStepDefinitions","methodName":"traduceLaPalabraTableDeInglesAEspanol","fileName":"TraductorGoogleStepDefinitions.java","lineNumber":35},{"declaringClass":"cucumber.runner.Runner","methodName":"runPickle","fileName":"Runner.java","lineNumber":80},{"declaringClass":"org.eclipse.jdt.internal.junit4.runner.JUnit4TestReference","methodName":"run","fileName":"JUnit4TestReference.java","lineNumber":86},{"declaringClass":"org.eclipse.jdt.internal.junit.runner.TestExecution","methodName":"run","fileName":"TestExecution.java","lineNumber":38},{"declaringClass":"org.eclipse.jdt.internal.junit.runner.RemoteTestRunner","methodName":"runTests","fileName":"RemoteTestRunner.java","lineNumber":538},{"declaringClass":"org.eclipse.jdt.internal.junit.runner.RemoteTestRunner","methodName":"runTests","fileName":"RemoteTestRunner.java","lineNumber":760},{"declaringClass":"org.eclipse.jdt.internal.junit.runner.RemoteTestRunner","methodName":"run","fileName":"RemoteTestRunner.java","lineNumber":460},{"declaringClass":"org.eclipse.jdt.internal.junit.runner.RemoteTestRunner","methodName":"main","fileName":"RemoteTestRunner.java","lineNumber":206}],"rootCause":{"errorType":"org.openqa.selenium.InvalidSelectorException","message":"invalid selector: Unable to locate an element with the xpath expression (//div[@id\u003d\u0027:3q\u0027] because of the following error:\nSyntaxError: Failed to execute \u0027evaluate\u0027 on \u0027Document\u0027: The string \u0027(//div[@id\u003d\u0027:3q\u0027]\u0027 is not a valid XPath expression.\n  (Session info: chrome\u003d67.0.3396.99)\n  (Driver info: chromedriver\u003d2.39.562718 (9a2698cba08cf5a471a29d30c8b3e12becabb0e9),platform\u003dWindows NT 6.1.7601 SP1 x86_64) (WARNING: The server did not provide any stacktrace information)\nCommand duration or timeout: 0 milliseconds\nFor documentation on this error, please visit: http://seleniumhq.org/exceptions/invalid_selector_exception.html\nBuild info: version: \u00273.13.0\u0027, revision: \u00272f0d292\u0027, time: \u00272018-06-25T15:24:21.231Z\u0027\nSystem info: host: \u0027CHMEP92Y4Q12\u0027, ip: \u0027172.31.18.43\u0027, os.name: \u0027Windows 7\u0027, os.arch: \u0027amd64\u0027, os.version: \u00276.1\u0027, java.version: \u00271.8.0_131\u0027\nDriver info: org.openqa.selenium.remote.RemoteWebDriver\nCapabilities {acceptInsecureCerts: false, acceptSslCerts: false, applicationCacheEnabled: false, browserConnectionEnabled: false, browserName: chrome, chrome: {chromedriverVersion: 2.39.562718 (9a2698cba08cf5..., userDataDir: C:\\Users\\DARROY~1\\AppData\\L...}, cssSelectorsEnabled: true, databaseEnabled: false, handlesAlerts: true, hasTouchScreen: false, javascriptEnabled: true, locationContextEnabled: true, mobileEmulationEnabled: false, nativeEvents: true, networkConnectionEnabled: false, pageLoadStrategy: normal, platform: XP, platformName: XP, rotatable: false, setWindowRect: true, takesHeapSnapshot: true, takesScreenshot: true, unexpectedAlertBehaviour: , unhandledPromptBehavior: , version: 67.0.3396.99, webStorageEnabled: true}\nSession ID: 829eaf10d9a8c174f08b680380bd369f\n*** Element info: {Using\u003dxpath, value\u003d(//div[@id\u003d\u0027:3q\u0027]}","stackTrace":[{"declaringClass":"co.com.proyectobase.screenplay.tasks.Traducir","methodName":"performAs","fileName":"Traducir.java","lineNumber":30},{"declaringClass":"co.com.proyectobase.screenplay.stepdefinitions.TraductorGoogleStepDefinitions","methodName":"traduceLaPalabraTableDeInglesAEspanol","fileName":"TraductorGoogleStepDefinitions.java","lineNumber":35},{"declaringClass":"cucumber.runner.Runner","methodName":"runPickle","fileName":"Runner.java","lineNumber":80},{"declaringClass":"org.eclipse.jdt.internal.junit4.runner.JUnit4TestReference","methodName":"run","fileName":"JUnit4TestReference.java","lineNumber":86},{"declaringClass":"org.eclipse.jdt.internal.junit.runner.TestExecution","methodName":"run","fileName":"TestExecution.java","lineNumber":38},{"declaringClass":"org.eclipse.jdt.internal.junit.runner.RemoteTestRunner","methodName":"runTests","fileName":"RemoteTestRunner.java","lineNumber":538},{"declaringClass":"org.eclipse.jdt.internal.junit.runner.RemoteTestRunner","methodName":"runTests","fileName":"RemoteTestRunner.java","lineNumber":760},{"declaringClass":"org.eclipse.jdt.internal.junit.runner.RemoteTestRunner","methodName":"run","fileName":"RemoteTestRunner.java","lineNumber":460},{"declaringClass":"org.eclipse.jdt.internal.junit.runner.RemoteTestRunner","methodName":"main","fileName":"RemoteTestRunner.java","lineNumber":206}]}}},"result":"FAILURE","precondition":false}]},{"number":10,"description":"Perform as: usuario","duration":5,"startTime":"2018-07-16T16:30:03.045-05:00[America/Bogota]","exception":{"errorType":"net.thucydides.core.webdriver.exceptions.ElementShouldBeEnabledException","message":"The following error occurred: Expected enabled element was not enabled","stackTrace":[{"declaringClass":"co.com.proyectobase.screenplay.tasks.Traducir","methodName":"performAs","fileName":"Traducir.java","lineNumber":30},{"declaringClass":"co.com.proyectobase.screenplay.stepdefinitions.TraductorGoogleStepDefinitions","methodName":"traduceLaPalabraTableDeInglesAEspanol","fileName":"TraductorGoogleStepDefinitions.java","lineNumber":35},{"declaringClass":"cucumber.runner.Runner","methodName":"runPickle","fileName":"Runner.java","lineNumber":80},{"declaringClass":"org.eclipse.jdt.internal.junit4.runner.JUnit4TestReference","methodName":"run","fileName":"JUnit4TestReference.java","lineNumber":86},{"declaringClass":"org.eclipse.jdt.internal.junit.runner.TestExecution","methodName":"run","fileName":"TestExecution.java","lineNumber":38},{"declaringClass":"org.eclipse.jdt.internal.junit.runner.RemoteTestRunner","methodName":"runTests","fileName":"RemoteTestRunner.java","lineNumber":538},{"declaringClass":"org.eclipse.jdt.internal.junit.runner.RemoteTestRunner","methodName":"runTests","fileName":"RemoteTestRunner.java","lineNumber":760},{"declaringClass":"org.eclipse.jdt.internal.junit.runner.RemoteTestRunner","methodName":"run","fileName":"RemoteTestRunner.java","lineNumber":460},{"declaringClass":"org.eclipse.jdt.internal.junit.runner.RemoteTestRunner","methodName":"main","fileName":"RemoteTestRunner.java","lineNumber":206}],"rootCause":{"errorType":"org.openqa.selenium.TimeoutException","message":"Expected condition failed: waiting for By.xpath: (//div[@id\u003d\u0027:3q\u0027] to be enabled (tried for 5 second(s) with 100 milliseconds interval)","stackTrace":[{"declaringClass":"co.com.proyectobase.screenplay.tasks.Traducir","methodName":"performAs","fileName":"Traducir.java","lineNumber":30},{"declaringClass":"co.com.proyectobase.screenplay.stepdefinitions.TraductorGoogleStepDefinitions","methodName":"traduceLaPalabraTableDeInglesAEspanol","fileName":"TraductorGoogleStepDefinitions.java","lineNumber":35},{"declaringClass":"cucumber.runner.Runner","methodName":"runPickle","fileName":"Runner.java","lineNumber":80},{"declaringClass":"org.eclipse.jdt.internal.junit4.runner.JUnit4TestReference","methodName":"run","fileName":"JUnit4TestReference.java","lineNumber":86},{"declaringClass":"org.eclipse.jdt.internal.junit.runner.TestExecution","methodName":"run","fileName":"TestExecution.java","lineNumber":38},{"declaringClass":"org.eclipse.jdt.internal.junit.runner.RemoteTestRunner","methodName":"runTests","fileName":"RemoteTestRunner.java","lineNumber":538},{"declaringClass":"org.eclipse.jdt.internal.junit.runner.RemoteTestRunner","methodName":"runTests","fileName":"RemoteTestRunner.java","lineNumber":760},{"declaringClass":"org.eclipse.jdt.internal.junit.runner.RemoteTestRunner","methodName":"run","fileName":"RemoteTestRunner.java","lineNumber":460},{"declaringClass":"org.eclipse.jdt.internal.junit.runner.RemoteTestRunner","methodName":"main","fileName":"RemoteTestRunner.java","lineNumber":206}],"rootCause":{"errorType":"org.openqa.selenium.InvalidSelectorException","message":"invalid selector: Unable to locate an element with the xpath expression (//div[@id\u003d\u0027:3q\u0027] because of the following error:\nSyntaxError: Failed to execute \u0027evaluate\u0027 on \u0027Document\u0027: The string \u0027(//div[@id\u003d\u0027:3q\u0027]\u0027 is not a valid XPath expression.\n  (Session info: chrome\u003d67.0.3396.99)\n  (Driver info: chromedriver\u003d2.39.562718 (9a2698cba08cf5a471a29d30c8b3e12becabb0e9),platform\u003dWindows NT 6.1.7601 SP1 x86_64) (WARNING: The server did not provide any stacktrace information)\nCommand duration or timeout: 0 milliseconds\nFor documentation on this error, please visit: http://seleniumhq.org/exceptions/invalid_selector_exception.html\nBuild info: version: \u00273.13.0\u0027, revision: \u00272f0d292\u0027, time: \u00272018-06-25T15:24:21.231Z\u0027\nSystem info: host: \u0027CHMEP92Y4Q12\u0027, ip: \u0027172.31.18.43\u0027, os.name: \u0027Windows 7\u0027, os.arch: \u0027amd64\u0027, os.version: \u00276.1\u0027, java.version: \u00271.8.0_131\u0027\nDriver info: org.openqa.selenium.remote.RemoteWebDriver\nCapabilities {acceptInsecureCerts: false, acceptSslCerts: false, applicationCacheEnabled: false, browserConnectionEnabled: false, browserName: chrome, chrome: {chromedriverVersion: 2.39.562718 (9a2698cba08cf5..., userDataDir: C:\\Users\\DARROY~1\\AppData\\L...}, cssSelectorsEnabled: true, databaseEnabled: false, handlesAlerts: true, hasTouchScreen: false, javascriptEnabled: true, locationContextEnabled: true, mobileEmulationEnabled: false, nativeEvents: true, networkConnectionEnabled: false, pageLoadStrategy: normal, platform: XP, platformName: XP, rotatable: false, setWindowRect: true, takesHeapSnapshot: true, takesScreenshot: true, unexpectedAlertBehaviour: , unhandledPromptBehavior: , version: 67.0.3396.99, webStorageEnabled: true}\nSession ID: 829eaf10d9a8c174f08b680380bd369f\n*** Element info: {Using\u003dxpath, value\u003d(//div[@id\u003d\u0027:3q\u0027]}","stackTrace":[{"declaringClass":"co.com.proyectobase.screenplay.tasks.Traducir","methodName":"performAs","fileName":"Traducir.java","lineNumber":30},{"declaringClass":"co.com.proyectobase.screenplay.stepdefinitions.TraductorGoogleStepDefinitions","methodName":"traduceLaPalabraTableDeInglesAEspanol","fileName":"TraductorGoogleStepDefinitions.java","lineNumber":35},{"declaringClass":"cucumber.runner.Runner","methodName":"runPickle","fileName":"Runner.java","lineNumber":80},{"declaringClass":"org.eclipse.jdt.internal.junit4.runner.JUnit4TestReference","methodName":"run","fileName":"JUnit4TestReference.java","lineNumber":86},{"declaringClass":"org.eclipse.jdt.internal.junit.runner.TestExecution","methodName":"run","fileName":"TestExecution.java","lineNumber":38},{"declaringClass":"org.eclipse.jdt.internal.junit.runner.RemoteTestRunner","methodName":"runTests","fileName":"RemoteTestRunner.java","lineNumber":538},{"declaringClass":"org.eclipse.jdt.internal.junit.runner.RemoteTestRunner","methodName":"runTests","fileName":"RemoteTestRunner.java","lineNumber":760},{"declaringClass":"org.eclipse.jdt.internal.junit.runner.RemoteTestRunner","methodName":"run","fileName":"RemoteTestRunner.java","lineNumber":460},{"declaringClass":"org.eclipse.jdt.internal.junit.runner.RemoteTestRunner","methodName":"main","fileName":"RemoteTestRunner.java","lineNumber":206}]}}},"result":"FAILURE","precondition":false},{"number":11,"description":"Then Se debe mostrar la palabra mesa en la pantalla","duration":2,"startTime":"2018-07-16T16:30:03.056-05:00[America/Bogota]","result":"SKIPPED","precondition":false}],"userStory":{"id":"traductor-de-google","storyName":"Traductor de google","path":"src/test/resources/features/traductorGoogle.feature","narrative":"  Como usuario quiero ingresar a google para traducir palabras en diferentes idiomas","type":"feature"},"featureTag":{"name":"Features/Traductor de google","type":"feature"},"title":"Traducir de ingl�s a espanol","tags":[{"name":"tag1","type":"tag"},{"name":"tag","type":"tag"},{"name":"Traductor de google","type":"feature"}],"startTime":"2018-07-16T16:29:46.960-05:00[America/Bogota]","duration":16300,"testFailureCause":{"errorType":"net.thucydides.core.webdriver.exceptions.ElementShouldBeEnabledException","message":"The following error occurred: Expected enabled element was not enabled","stackTrace":[{"declaringClass":"co.com.proyectobase.screenplay.tasks.Traducir","methodName":"performAs","fileName":"Traducir.java","lineNumber":30},{"declaringClass":"co.com.proyectobase.screenplay.stepdefinitions.TraductorGoogleStepDefinitions","methodName":"traduceLaPalabraTableDeInglesAEspanol","fileName":"TraductorGoogleStepDefinitions.java","lineNumber":35},{"declaringClass":"cucumber.runner.Runner","methodName":"runPickle","fileName":"Runner.java","lineNumber":80},{"declaringClass":"org.eclipse.jdt.internal.junit4.runner.JUnit4TestReference","methodName":"run","fileName":"JUnit4TestReference.java","lineNumber":86},{"declaringClass":"org.eclipse.jdt.internal.junit.runner.TestExecution","methodName":"run","fileName":"TestExecution.java","lineNumber":38},{"declaringClass":"org.eclipse.jdt.internal.junit.runner.RemoteTestRunner","methodName":"runTests","fileName":"RemoteTestRunner.java","lineNumber":538},{"declaringClass":"org.eclipse.jdt.internal.junit.runner.RemoteTestRunner","methodName":"runTests","fileName":"RemoteTestRunner.java","lineNumber":760},{"declaringClass":"org.eclipse.jdt.internal.junit.runner.RemoteTestRunner","methodName":"run","fileName":"RemoteTestRunner.java","lineNumber":460},{"declaringClass":"org.eclipse.jdt.internal.junit.runner.RemoteTestRunner","methodName":"main","fileName":"RemoteTestRunner.java","lineNumber":206}],"rootCause":{"errorType":"org.openqa.selenium.TimeoutException","message":"Expected condition failed: waiting for By.xpath: (//div[@id\u003d\u0027:3q\u0027] to be enabled (tried for 5 second(s) with 100 milliseconds interval)","stackTrace":[{"declaringClass":"co.com.proyectobase.screenplay.tasks.Traducir","methodName":"performAs","fileName":"Traducir.java","lineNumber":30},{"declaringClass":"co.com.proyectobase.screenplay.stepdefinitions.TraductorGoogleStepDefinitions","methodName":"traduceLaPalabraTableDeInglesAEspanol","fileName":"TraductorGoogleStepDefinitions.java","lineNumber":35},{"declaringClass":"cucumber.runner.Runner","methodName":"runPickle","fileName":"Runner.java","lineNumber":80},{"declaringClass":"org.eclipse.jdt.internal.junit4.runner.JUnit4TestReference","methodName":"run","fileName":"JUnit4TestReference.java","lineNumber":86},{"declaringClass":"org.eclipse.jdt.internal.junit.runner.TestExecution","methodName":"run","fileName":"TestExecution.java","lineNumber":38},{"declaringClass":"org.eclipse.jdt.internal.junit.runner.RemoteTestRunner","methodName":"runTests","fileName":"RemoteTestRunner.java","lineNumber":538},{"declaringClass":"org.eclipse.jdt.internal.junit.runner.RemoteTestRunner","methodName":"runTests","fileName":"RemoteTestRunner.java","lineNumber":760},{"declaringClass":"org.eclipse.jdt.internal.junit.runner.RemoteTestRunner","methodName":"run","fileName":"RemoteTestRunner.java","lineNumber":460},{"declaringClass":"org.eclipse.jdt.internal.junit.runner.RemoteTestRunner","methodName":"main","fileName":"RemoteTestRunner.java","lineNumber":206}],"rootCause":{"errorType":"org.openqa.selenium.InvalidSelectorException","message":"invalid selector: Unable to locate an element with the xpath expression (//div[@id\u003d\u0027:3q\u0027] because of the following error:\nSyntaxError: Failed to execute \u0027evaluate\u0027 on \u0027Document\u0027: The string \u0027(//div[@id\u003d\u0027:3q\u0027]\u0027 is not a valid XPath expression.\n  (Session info: chrome\u003d67.0.3396.99)\n  (Driver info: chromedriver\u003d2.39.562718 (9a2698cba08cf5a471a29d30c8b3e12becabb0e9),platform\u003dWindows NT 6.1.7601 SP1 x86_64) (WARNING: The server did not provide any stacktrace information)\nCommand duration or timeout: 0 milliseconds\nFor documentation on this error, please visit: http://seleniumhq.org/exceptions/invalid_selector_exception.html\nBuild info: version: \u00273.13.0\u0027, revision: \u00272f0d292\u0027, time: \u00272018-06-25T15:24:21.231Z\u0027\nSystem info: host: \u0027CHMEP92Y4Q12\u0027, ip: \u0027172.31.18.43\u0027, os.name: \u0027Windows 7\u0027, os.arch: \u0027amd64\u0027, os.version: \u00276.1\u0027, java.version: \u00271.8.0_131\u0027\nDriver info: org.openqa.selenium.remote.RemoteWebDriver\nCapabilities {acceptInsecureCerts: false, acceptSslCerts: false, applicationCacheEnabled: false, browserConnectionEnabled: false, browserName: chrome, chrome: {chromedriverVersion: 2.39.562718 (9a2698cba08cf5..., userDataDir: C:\\Users\\DARROY~1\\AppData\\L...}, cssSelectorsEnabled: true, databaseEnabled: false, handlesAlerts: true, hasTouchScreen: false, javascriptEnabled: true, locationContextEnabled: true, mobileEmulationEnabled: false, nativeEvents: true, networkConnectionEnabled: false, pageLoadStrategy: normal, platform: XP, platformName: XP, rotatable: false, setWindowRect: true, takesHeapSnapshot: true, takesScreenshot: true, unexpectedAlertBehaviour: , unhandledPromptBehavior: , version: 67.0.3396.99, webStorageEnabled: true}\nSession ID: 829eaf10d9a8c174f08b680380bd369f\n*** Element info: {Using\u003dxpath, value\u003d(//div[@id\u003d\u0027:3q\u0027]}","stackTrace":[{"declaringClass":"co.com.proyectobase.screenplay.tasks.Traducir","methodName":"performAs","fileName":"Traducir.java","lineNumber":30},{"declaringClass":"co.com.proyectobase.screenplay.stepdefinitions.TraductorGoogleStepDefinitions","methodName":"traduceLaPalabraTableDeInglesAEspanol","fileName":"TraductorGoogleStepDefinitions.java","lineNumber":35},{"declaringClass":"cucumber.runner.Runner","methodName":"runPickle","fileName":"Runner.java","lineNumber":80},{"declaringClass":"org.eclipse.jdt.internal.junit4.runner.JUnit4TestReference","methodName":"run","fileName":"JUnit4TestReference.java","lineNumber":86},{"declaringClass":"org.eclipse.jdt.internal.junit.runner.TestExecution","methodName":"run","fileName":"TestExecution.java","lineNumber":38},{"declaringClass":"org.eclipse.jdt.internal.junit.runner.RemoteTestRunner","methodName":"runTests","fileName":"RemoteTestRunner.java","lineNumber":538},{"declaringClass":"org.eclipse.jdt.internal.junit.runner.RemoteTestRunner","methodName":"runTests","fileName":"RemoteTestRunner.java","lineNumber":760},{"declaringClass":"org.eclipse.jdt.internal.junit.runner.RemoteTestRunner","methodName":"run","fileName":"RemoteTestRunner.java","lineNumber":460},{"declaringClass":"org.eclipse.jdt.internal.junit.runner.RemoteTestRunner","methodName":"main","fileName":"RemoteTestRunner.java","lineNumber":206}]}}},"testFailureClassname":"net.thucydides.core.webdriver.exceptions.ElementShouldBeEnabledException","testFailureMessage":"The following error occurred: Expected enabled element was not enabled","testFailureSummary":"FAILURE;net.thucydides.core.webdriver.exceptions.ElementShouldBeEnabledException;The following error occurred: Expected enabled element was not enabled;Traducir.java","projectKey":"","annotatedResult":"FAILURE","sessionId":"829eaf10d9a8c174f08b680380bd369f","driver":"chrome","manual":false,"testSource":"Cucumber","result":"FAILURE"}